button.obj : error LNK2019: unresolved external symbol __imp___glewVertexAttrib3f referenced in function "public: virtual void __cdecl ui::ButtonComponent::draw(struct ui::Rectangle)" (?draw@ButtonComponent@ui@@UEAAXURectangle@2@@Z)
checkbox.obj : error LNK2001: unresolved external symbol __imp___glewVertexAttrib3f
panel.obj : error LNK2001: unresolved external symbol __imp___glewVertexAttrib3f
text_field.obj : error LNK2001: unresolved external symbol __imp___glewVertexAttrib3f
font_renderer.obj : error LNK2019: unresolved external symbol __imp___glewUniform1i referenced in function "void __cdecl ui::fontRendering::drawText(class std::basic_string<char,struct std::char_traits<char>,class std::allocator<char> >,float,float,float,struct Color,bool,bool)" (?drawText@fontRendering@ui@@YAXV?$basic_string@DU?$char_traits@D@std@@V?$allocator@D@2@@std@@MMMUColor@@_N2@Z)
renderer.obj : error LNK2001: unresolved external symbol __imp___glewUniform1i
font_renderer.obj : error LNK2019: unresolved external symbol __imp___glewVertexAttrib2f referenced in function "void __cdecl ui::fontRendering::drawText(class std::basic_string<char,struct std::char_traits<char>,class std::allocator<char> >,float,float,float,struct Color,bool,bool)" (?drawText@fontRendering@ui@@YAXV?$basic_string@DU?$char_traits@D@std@@V?$allocator@D@2@@std@@MMMUColor@@_N2@Z)
renderer.obj : error LNK2001: unresolved external symbol __imp___glewVertexAttrib2f
font_renderer.obj : error LNK2019: unresolved external symbol __imp___glewVertexAttrib3d referenced in function "void __cdecl ui::fontRendering::drawText(class std::basic_string<char,struct std::char_traits<char>,class std::allocator<char> >,float,float,float,struct Color,bool,bool)" (?drawText@fontRendering@ui@@YAXV?$basic_string@DU?$char_traits@D@std@@V?$allocator@D@2@@std@@MMMUColor@@_N2@Z)
text_field.obj : error LNK2019: unresolved external symbol glfwGetKey referenced in function "public: void __cdecl ui::TextFieldComponent::onKeyPressed(int)" (?onKeyPressed@TextFieldComponent@ui@@QEAAXH@Z)
renderer.obj : error LNK2001: unresolved external symbol glfwGetKey
text_field.obj : error LNK2019: unresolved external symbol glfwGetClipboardString referenced in function "public: void __cdecl ui::TextFieldComponent::onKeyPressed(int)" (?onKeyPressed@TextFieldComponent@ui@@QEAAXH@Z)
renderModel.obj : error LNK2019: unresolved external symbol __imp___glewBindBuffer referenced in function "public: void __cdecl RenderModel::init(void)" (?init@RenderModel@@QEAAXXZ)
renderer.obj : error LNK2001: unresolved external symbol __imp___glewBindBuffer
renderModel.obj : error LNK2019: unresolved external symbol __imp___glewBufferData referenced in function "public: void __cdecl RenderModel::init(void)" (?init@RenderModel@@QEAAXXZ)
renderModel.obj : error LNK2019: unresolved external symbol __imp___glewDeleteBuffers referenced in function "public: void __cdecl RenderModel::dispose(void)" (?dispose@RenderModel@@QEAAXXZ)
renderModel.obj : error LNK2019: unresolved external symbol __imp___glewGenBuffers referenced in function "public: void __cdecl RenderModel::init(void)" (?init@RenderModel@@QEAAXXZ)
renderModel.obj : error LNK2019: unresolved external symbol __imp___glewBindVertexArray referenced in function "public: void __cdecl RenderModel::init(void)" (?init@RenderModel@@QEAAXXZ)
renderer.obj : error LNK2001: unresolved external symbol __imp___glewBindVertexArray
renderModel.obj : error LNK2019: unresolved external symbol __imp___glewDeleteVertexArrays referenced in function "public: void __cdecl RenderModel::dispose(void)" (?dispose@RenderModel@@QEAAXXZ)
renderModel.obj : error LNK2019: unresolved external symbol __imp___glewGenVertexArrays referenced in function "public: void __cdecl RenderModel::init(void)" (?init@RenderModel@@QEAAXXZ)
main.obj : error LNK2019: unresolved external symbol glfwWindowShouldClose referenced in function main
renderer.obj : error LNK2019: unresolved external symbol __imp_glewInit referenced in function "int __cdecl renderer::init(void)" (?init@renderer@@YAHXZ)
renderer.obj : error LNK2019: unresolved external symbol glfwInit referenced in function "int __cdecl renderer::init(void)" (?init@renderer@@YAHXZ)
renderer.obj : error LNK2019: unresolved external symbol glfwTerminate referenced in function "int __cdecl renderer::init(void)" (?init@renderer@@YAHXZ)
renderer.obj : error LNK2019: unresolved external symbol glfwWindowHint referenced in function "int __cdecl renderer::init(void)" (?init@renderer@@YAHXZ)
renderer.obj : error LNK2019: unresolved external symbol glfwCreateWindow referenced in function "int __cdecl renderer::init(void)" (?init@renderer@@YAHXZ)
renderer.obj : error LNK2019: unresolved external symbol glfwGetWindowSize referenced in function "int __cdecl renderer::init(void)" (?init@renderer@@YAHXZ)
renderer.obj : error LNK2019: unresolved external symbol glfwSetWindowAspectRatio referenced in function "int __cdecl renderer::init(void)" (?init@renderer@@YAHXZ)
renderer.obj : error LNK2019: unresolved external symbol glfwSetWindowSizeCallback referenced in function "int __cdecl renderer::init(void)" (?init@renderer@@YAHXZ)
renderer.obj : error LNK2019: unresolved external symbol glfwSetFramebufferSizeCallback referenced in function "int __cdecl renderer::init(void)" (?init@renderer@@YAHXZ)
renderer.obj : error LNK2019: unresolved external symbol glfwPollEvents referenced in function "void __cdecl renderer::renderAll(void)" (?renderAll@renderer@@YAXXZ)
renderer.obj : error LNK2019: unresolved external symbol glfwGetMouseButton referenced in function "void __cdecl renderer::postRender(double)" (?postRender@renderer@@YAXN@Z)
renderer.obj : error LNK2019: unresolved external symbol glfwGetCursorPos referenced in function "struct glm::vec<3,float,0> __cdecl renderer::CreateMouseRay(void)" (?CreateMouseRay@renderer@@YA?AU?$vec@$02M$0A@@glm@@XZ)
renderer.obj : error LNK2019: unresolved external symbol glfwSetKeyCallback referenced in function "int __cdecl renderer::init(void)" (?init@renderer@@YAHXZ)
renderer.obj : error LNK2019: unresolved external symbol glfwSetCharCallback referenced in function "int __cdecl renderer::init(void)" (?init@renderer@@YAHXZ)
renderer.obj : error LNK2019: unresolved external symbol glfwSetScrollCallback referenced in function "int __cdecl renderer::init(void)" (?init@renderer@@YAHXZ)
renderer.obj : error LNK2019: unresolved external symbol glfwGetTime referenced in function "int __cdecl renderer::init(void)" (?init@renderer@@YAHXZ)
renderer.obj : error LNK2019: unresolved external symbol glfwMakeContextCurrent referenced in function "int __cdecl renderer::init(void)" (?init@renderer@@YAHXZ)
renderer.obj : error LNK2019: unresolved external symbol glfwSwapBuffers referenced in function "void __cdecl renderer::renderAll(void)" (?renderAll@renderer@@YAXXZ)
renderer.obj : error LNK2019: unresolved external symbol __imp___glewActiveTexture referenced in function "void __cdecl renderer::renderAll(void)" (?renderAll@renderer@@YAXXZ)
renderer.obj : error LNK2019: unresolved external symbol __imp___glewAttachShader referenced in function "unsigned int __cdecl LoadShaderProgram(char const *,char const *)" (?LoadShaderProgram@@YAIPEBD0@Z)
renderer.obj : error LNK2019: unresolved external symbol __imp___glewCompileShader referenced in function "unsigned int __cdecl LoadShaderProgram(char const *,char const *)" (?LoadShaderProgram@@YAIPEBD0@Z)
renderer.obj : error LNK2019: unresolved external symbol __imp___glewCreateProgram referenced in function "unsigned int __cdecl LoadShaderProgram(char const *,char const *)" (?LoadShaderProgram@@YAIPEBD0@Z)
renderer.obj : error LNK2019: unresolved external symbol __imp___glewCreateShader referenced in function "unsigned int __cdecl LoadShaderProgram(char const *,char const *)" (?LoadShaderProgram@@YAIPEBD0@Z)
renderer.obj : error LNK2019: unresolved external symbol __imp___glewDeleteShader referenced in function "unsigned int __cdecl LoadShaderProgram(char const *,char const *)" (?LoadShaderProgram@@YAIPEBD0@Z)
renderer.obj : error LNK2019: unresolved external symbol __imp___glewDetachShader referenced in function "unsigned int __cdecl LoadShaderProgram(char const *,char const *)" (?LoadShaderProgram@@YAIPEBD0@Z)
renderer.obj : error LNK2019: unresolved external symbol __imp___glewDisableVertexAttribArray referenced in function "void __cdecl renderer::renderModel(class RenderModel,struct glm::mat<4,4,float,0>,struct glm::mat<4,4,float,0>,struct glm::mat<4,4,float,0>,struct Color)" (?renderModel@renderer@@YAXVRenderModel@@U?$mat@$03$03M$0A@@glm@@11UColor@@@Z)
renderer.obj : error LNK2019: unresolved external symbol __imp___glewDrawBuffers referenced in function "void __cdecl renderer::preRender(void)" (?preRender@renderer@@YAXXZ)
renderer.obj : error LNK2019: unresolved external symbol __imp___glewEnableVertexAttribArray referenced in function "void __cdecl renderer::renderModel(class RenderModel,struct glm::mat<4,4,float,0>,struct glm::mat<4,4,float,0>,struct glm::mat<4,4,float,0>,struct Color)" (?renderModel@renderer@@YAXVRenderModel@@U?$mat@$03$03M$0A@@glm@@11UColor@@@Z)
renderer.obj : error LNK2019: unresolved external symbol __imp___glewGetProgramInfoLog referenced in function "unsigned int __cdecl LoadShaderProgram(char const *,char const *)" (?LoadShaderProgram@@YAIPEBD0@Z)
renderer.obj : error LNK2019: unresolved external symbol __imp___glewGetProgramiv referenced in function "unsigned int __cdecl LoadShaderProgram(char const *,char const *)" (?LoadShaderProgram@@YAIPEBD0@Z)
renderer.obj : error LNK2019: unresolved external symbol __imp___glewGetShaderInfoLog referenced in function "unsigned int __cdecl LoadShaderProgram(char const *,char const *)" (?LoadShaderProgram@@YAIPEBD0@Z)
renderer.obj : error LNK2019: unresolved external symbol __imp___glewGetShaderiv referenced in function "unsigned int __cdecl LoadShaderProgram(char const *,char const *)" (?LoadShaderProgram@@YAIPEBD0@Z)
renderer.obj : error LNK2019: unresolved external symbol __imp___glewGetUniformLocation referenced in function "int __cdecl renderer::init(void)" (?init@renderer@@YAHXZ)
renderer.obj : error LNK2019: unresolved external symbol __imp___glewLinkProgram referenced in function "unsigned int __cdecl LoadShaderProgram(char const *,char const *)" (?LoadShaderProgram@@YAIPEBD0@Z)
renderer.obj : error LNK2019: unresolved external symbol __imp___glewShaderSource referenced in function "unsigned int __cdecl LoadShaderProgram(char const *,char const *)" (?LoadShaderProgram@@YAIPEBD0@Z)
renderer.obj : error LNK2019: unresolved external symbol __imp___glewUniform1f referenced in function "void __cdecl renderer::renderBody(struct MassBody *,struct glm::mat<4,4,float,0>)" (?renderBody@renderer@@YAXPEAUMassBody@@U?$mat@$03$03M$0A@@glm@@@Z)
renderer.obj : error LNK2019: unresolved external symbol __imp___glewUniform2f referenced in function "void __cdecl renderer::renderFocusOverlay(struct glm::mat<4,4,float,0>)" (?renderFocusOverlay@renderer@@YAXU?$mat@$03$03M$0A@@glm@@@Z)
renderer.obj : error LNK2019: unresolved external symbol __imp___glewUniform3f referenced in function "void __cdecl renderer::renderBody(struct MassBody *,struct glm::mat<4,4,float,0>)" (?renderBody@renderer@@YAXPEAUMassBody@@U?$mat@$03$03M$0A@@glm@@@Z)
renderer.obj : error LNK2019: unresolved external symbol __imp___glewUniformMatrix4fv referenced in function "void __cdecl renderer::renderFocusOverlay(struct glm::mat<4,4,float,0>)" (?renderFocusOverlay@renderer@@YAXU?$mat@$03$03M$0A@@glm@@@Z)
renderer.obj : error LNK2019: unresolved external symbol __imp___glewUseProgram referenced in function "void __cdecl renderer::renderAll(void)" (?renderAll@renderer@@YAXXZ)
renderer.obj : error LNK2019: unresolved external symbol __imp___glewVertexAttribPointer referenced in function "void __cdecl renderer::renderModel(class RenderModel,struct glm::mat<4,4,float,0>,struct glm::mat<4,4,float,0>,struct glm::mat<4,4,float,0>,struct Color)" (?renderModel@renderer@@YAXVRenderModel@@U?$mat@$03$03M$0A@@glm@@11UColor@@@Z)
renderer.obj : error LNK2019: unresolved external symbol __imp___glewBindFramebuffer referenced in function "int __cdecl renderer::init(void)" (?init@renderer@@YAHXZ)
renderer.obj : error LNK2019: unresolved external symbol __imp___glewBindRenderbuffer referenced in function "void __cdecl framebufferSizeCallback(struct GLFWwindow *,int,int)" (?framebufferSizeCallback@@YAXPEAUGLFWwindow@@HH@Z)
renderer.obj : error LNK2019: unresolved external symbol __imp___glewCheckFramebufferStatus referenced in function "int __cdecl renderer::init(void)" (?init@renderer@@YAHXZ)
renderer.obj : error LNK2019: unresolved external symbol __imp___glewDeleteFramebuffers referenced in function "void __cdecl renderer::terminate(void)" (?terminate@renderer@@YAXXZ)
renderer.obj : error LNK2019: unresolved external symbol __imp___glewFramebufferRenderbuffer referenced in function "int __cdecl renderer::init(void)" (?init@renderer@@YAHXZ)
renderer.obj : error LNK2019: unresolved external symbol __imp___glewFramebufferTexture2D referenced in function "int __cdecl renderer::init(void)" (?init@renderer@@YAHXZ)
renderer.obj : error LNK2019: unresolved external symbol __imp___glewGenFramebuffers referenced in function "int __cdecl renderer::init(void)" (?init@renderer@@YAHXZ)
renderer.obj : error LNK2019: unresolved external symbol __imp___glewGenRenderbuffers referenced in function "int __cdecl renderer::init(void)" (?init@renderer@@YAHXZ)
renderer.obj : error LNK2019: unresolved external symbol __imp___glewRenderbufferStorage referenced in function "void __cdecl framebufferSizeCallback(struct GLFWwindow *,int,int)" (?framebufferSizeCallback@@YAXPEAUGLFWwindow@@HH@Z)
renderer.obj : error LNK2019: unresolved external symbol __imp___glewPrimitiveRestartNV referenced in function "void __cdecl renderer::renderGrid(struct glm::mat<4,4,float,0>,struct glm::mat<4,4,float,0>)" (?renderGrid@renderer@@YAXU?$mat@$03$03M$0A@@glm@@0@Z)
C:\Dev\namepointer\opengl-gravity-simulator\Dependencies\lib-vc2019\glfw3.lib : warning LNK4272: library machine type 'x86' conflicts with target machine type 'x64'
C:\Dev\namepointer\opengl-gravity-simulator\Dependencies\lib-vc2019\glew32s.lib : warning LNK4272: library machine type 'x86' conflicts with target machine type 'x64'
C:\Dev\namepointer\opengl-gravity-simulator\x64\Debug\GravitySimulator.exe : fatal error LNK1120: 65 unresolved externals
