c:\dev\namepointer\opengl-gravity-simulator\x64\debug\vc142.pdb
c:\dev\namepointer\opengl-gravity-simulator\x64\debug\vc142.idb
c:\dev\namepointer\opengl-gravity-simulator\x64\debug\rectangle.obj
c:\dev\namepointer\opengl-gravity-simulator\x64\debug\color.obj
c:\dev\namepointer\opengl-gravity-simulator\x64\debug\main.obj
c:\dev\namepointer\opengl-gravity-simulator\x64\debug\renderer.obj
c:\dev\namepointer\opengl-gravity-simulator\x64\debug\universe.obj
c:\dev\namepointer\opengl-gravity-simulator\x64\debug\scene_loader.obj
c:\dev\namepointer\opengl-gravity-simulator\x64\debug\rendermodel.obj
c:\dev\namepointer\opengl-gravity-simulator\x64\debug\star_sphere.obj
c:\dev\namepointer\opengl-gravity-simulator\x64\debug\cube.obj
c:\dev\namepointer\opengl-gravity-simulator\x64\debug\sphere.obj
c:\dev\namepointer\opengl-gravity-simulator\x64\debug\mass_body.obj
c:\dev\namepointer\opengl-gravity-simulator\x64\debug\ui_manager.obj
c:\dev\namepointer\opengl-gravity-simulator\x64\debug\text_field.obj
c:\dev\namepointer\opengl-gravity-simulator\x64\debug\font_renderer.obj
c:\dev\namepointer\opengl-gravity-simulator\x64\debug\panel.obj
c:\dev\namepointer\opengl-gravity-simulator\x64\debug\component.obj
c:\dev\namepointer\opengl-gravity-simulator\x64\debug\container.obj
c:\dev\namepointer\opengl-gravity-simulator\x64\debug\label.obj
c:\dev\namepointer\opengl-gravity-simulator\x64\debug\checkbox.obj
c:\dev\namepointer\opengl-gravity-simulator\x64\debug\button.obj
c:\dev\namepointer\opengl-gravity-simulator\x64\debug\gravitysimulator.pdb
c:\dev\namepointer\opengl-gravity-simulator\x64\debug\gravitysimulator.tlog\cl.command.1.tlog
c:\dev\namepointer\opengl-gravity-simulator\x64\debug\gravitysimulator.tlog\cl.read.1.tlog
c:\dev\namepointer\opengl-gravity-simulator\x64\debug\gravitysimulator.tlog\cl.write.1.tlog
c:\dev\namepointer\opengl-gravity-simulator\x64\debug\gravitysimulator.tlog\link-cvtres.read.1.tlog
c:\dev\namepointer\opengl-gravity-simulator\x64\debug\gravitysimulator.tlog\link-cvtres.write.1.tlog
c:\dev\namepointer\opengl-gravity-simulator\x64\debug\gravitysimulator.tlog\link-rc.read.1.tlog
c:\dev\namepointer\opengl-gravity-simulator\x64\debug\gravitysimulator.tlog\link-rc.write.1.tlog
c:\dev\namepointer\opengl-gravity-simulator\x64\debug\gravitysimulator.tlog\link.command.1.tlog
c:\dev\namepointer\opengl-gravity-simulator\x64\debug\gravitysimulator.tlog\link.read.1.tlog
c:\dev\namepointer\opengl-gravity-simulator\x64\debug\gravitysimulator.tlog\link.write.1.tlog
