  glm.cpp
  button.cpp
  color.cpp
  checkbox.cpp
  label.cpp
  rectangle.cpp
  container.cpp
  component.cpp
  panel.cpp
C:\Dev\namepointer\opengl-gravity-simulator\src\ui\panel.cpp(27,21): warning C4018: '<': signed/unsigned mismatch
C:\Dev\namepointer\opengl-gravity-simulator\src\ui\panel.cpp(64,121): warning C4244: 'argument': conversion from 'double' to 'float', possible loss of data
C:\Dev\namepointer\opengl-gravity-simulator\src\ui\panel.cpp(67,21): warning C4018: '<': signed/unsigned mismatch
C:\Dev\namepointer\opengl-gravity-simulator\src\ui\panel.cpp(86,21): warning C4018: '<': signed/unsigned mismatch
  font_renderer.cpp
  text_field.cpp
  ui_manager.cpp
  mass_body.cpp
  sphere.cpp
  star_sphere.cpp
C:\Dev\namepointer\opengl-gravity-simulator\src\rendering\baseModels\star_sphere.cpp(69,11): warning C4244: 'initializing': conversion from 'double' to 'float', possible loss of data
C:\Dev\namepointer\opengl-gravity-simulator\src\rendering\baseModels\star_sphere.cpp(70,11): warning C4244: 'initializing': conversion from 'double' to 'float', possible loss of data
  scene_loader.cpp
C:\Dev\namepointer\opengl-gravity-simulator\src\universe\scene_loader.cpp(16,16): warning C4244: 'initializing': conversion from 'std::streamoff' to 'size_t', possible loss of data
C:\Dev\namepointer\opengl-gravity-simulator\src\universe\scene_loader.cpp(68,22): warning C4244: 'initializing': conversion from 'float' to 'unsigned char', possible loss of data
C:\Dev\namepointer\opengl-gravity-simulator\src\universe\scene_loader.cpp(69,22): warning C4244: 'initializing': conversion from 'float' to 'unsigned char', possible loss of data
C:\Dev\namepointer\opengl-gravity-simulator\src\universe\scene_loader.cpp(70,22): warning C4244: 'initializing': conversion from 'float' to 'unsigned char', possible loss of data
  main.cpp
  cube.cpp
  renderModel.cpp
  universe.cpp
C:\Dev\namepointer\opengl-gravity-simulator\src\universe\universe.cpp(7,30): warning C4305: '=': truncation from 'double' to 'float'
C:\Dev\namepointer\opengl-gravity-simulator\src\universe\universe.cpp(12,20): warning C4018: '<': signed/unsigned mismatch
C:\Dev\namepointer\opengl-gravity-simulator\src\universe\universe.cpp(23,20): warning C4018: '<': signed/unsigned mismatch
C:\Dev\namepointer\opengl-gravity-simulator\src\universe\universe.cpp(31,20): warning C4018: '<': signed/unsigned mismatch
C:\Dev\namepointer\opengl-gravity-simulator\src\universe\universe.cpp(34,21): warning C4018: '<': signed/unsigned mismatch
C:\Dev\namepointer\opengl-gravity-simulator\src\universe\universe.cpp(128,17): warning C4244: 'initializing': conversion from 'double' to 'float', possible loss of data
  renderer.cpp
C:\Dev\namepointer\opengl-gravity-simulator\src\rendering\renderer.cpp(137,69): warning C4244: '-=': conversion from 'double' to 'float', possible loss of data
C:\Dev\namepointer\opengl-gravity-simulator\src\rendering\renderer.cpp(515,21): warning C4018: '<': signed/unsigned mismatch
C:\Dev\namepointer\opengl-gravity-simulator\src\rendering\renderer.cpp(516,41): warning C4244: 'argument': conversion from 'double' to 'float', possible loss of data
C:\Dev\namepointer\opengl-gravity-simulator\src\rendering\renderer.cpp(516,33): warning C4244: 'argument': conversion from 'double' to 'float', possible loss of data
C:\Dev\namepointer\opengl-gravity-simulator\src\rendering\renderer.cpp(524,21): warning C4244: 'argument': conversion from 'double' to 'float', possible loss of data
C:\Dev\namepointer\opengl-gravity-simulator\src\rendering\renderer.cpp(524,13): warning C4244: 'argument': conversion from 'double' to 'float', possible loss of data
C:\Dev\namepointer\opengl-gravity-simulator\src\rendering\renderer.cpp(532,21): warning C4244: 'argument': conversion from 'double' to 'float', possible loss of data
C:\Dev\namepointer\opengl-gravity-simulator\src\rendering\renderer.cpp(532,13): warning C4244: 'argument': conversion from 'double' to 'float', possible loss of data
C:\Dev\namepointer\opengl-gravity-simulator\src\rendering\renderer.cpp(540,21): warning C4244: 'argument': conversion from 'double' to 'float', possible loss of data
C:\Dev\namepointer\opengl-gravity-simulator\src\rendering\renderer.cpp(540,13): warning C4244: 'argument': conversion from 'double' to 'float', possible loss of data
C:\Dev\namepointer\opengl-gravity-simulator\src\rendering\renderer.cpp(560,20): warning C4018: '<': signed/unsigned mismatch
C:\Dev\namepointer\opengl-gravity-simulator\src\rendering\renderer.cpp(717,21): warning C4018: '<': signed/unsigned mismatch
C:\Dev\namepointer\opengl-gravity-simulator\src\rendering\renderer.cpp(810,14): warning C4244: 'argument': conversion from 'int' to 'GLfloat', possible loss of data
C:\Dev\namepointer\opengl-gravity-simulator\src\rendering\renderer.cpp(817,23): warning C4244: 'argument': conversion from 'int' to 'GLfloat', possible loss of data
C:\Dev\namepointer\opengl-gravity-simulator\src\rendering\renderer.cpp(828,24): warning C4244: 'argument': conversion from 'int' to 'GLfloat', possible loss of data
C:\Dev\namepointer\opengl-gravity-simulator\src\rendering\renderer.cpp(828,15): warning C4244: 'argument': conversion from 'int' to 'GLfloat', possible loss of data
C:\Dev\namepointer\opengl-gravity-simulator\src\rendering\renderer.cpp(833,24): warning C4244: 'argument': conversion from 'int' to 'GLfloat', possible loss of data
C:\Dev\namepointer\opengl-gravity-simulator\src\rendering\renderer.cpp(833,15): warning C4244: 'argument': conversion from 'int' to 'GLfloat', possible loss of data
C:\Dev\namepointer\opengl-gravity-simulator\src\rendering\renderer.cpp(873,20): warning C4018: '<': signed/unsigned mismatch
C:\Dev\namepointer\opengl-gravity-simulator\src\rendering\renderer.cpp(895,173): warning C4244: 'argument': conversion from 'double' to 'float', possible loss of data
C:\Dev\namepointer\opengl-gravity-simulator\src\rendering\renderer.cpp(895,24): warning C4244: 'argument': conversion from 'double' to 'int', possible loss of data
C:\Dev\namepointer\opengl-gravity-simulator\src\rendering\renderer.cpp(895,16): warning C4244: 'argument': conversion from 'double' to 'int', possible loss of data
C:\Dev\namepointer\opengl-gravity-simulator\src\rendering\renderer.cpp(928,17): warning C4244: 'initializing': conversion from 'double' to 'float', possible loss of data
LINK : warning LNK4098: defaultlib 'LIBCMT' conflicts with use of other libs; use /NODEFAULTLIB:library
  Generating code
  Previous IPDB was built with incompatible compiler, fall back to full compilation.
  All 1162 functions were compiled because no usable IPDB/IOBJ from previous compilation was found.
  Finished generating code
glew32s.lib(glew.obj) : warning LNK4099: PDB 'vc120.pdb' was not found with 'glew32s.lib(glew.obj)' or at 'C:\Dev\namepointer\opengl-gravity-simulator\Release\vc120.pdb'; linking object as if no debug info
  GravitySimulator.vcxproj -> C:\Dev\namepointer\opengl-gravity-simulator\Release\GravitySimulator.exe
